[1] "DGP, nob, nrep"
[1]   1 400 100
 alpha1  alpha2 mubeta1 mubeta2 mubeta3 mubeta4 
    0.2     0.8     1.0     2.0     3.0     4.0 
alpha1 alpha2    mu1  beta1    mu2  beta2  sigma 
 0.199  0.801  1.018  2.007  3.007  4.010  0.997 
[1] "DGP, nob, nrep"
[1]   2 400 100
 alpha1  alpha2 mubeta1 mubeta2 mubeta3 mubeta4 
    0.4     0.6     1.0     2.0     3.0     4.0 
alpha1 alpha2    mu1  beta1    mu2  beta2  sigma 
 0.402  0.598  1.020  2.010  3.005  4.009  0.997 
[1] "DGP, nob, nrep"
[1]   3 400 100
 alpha1  alpha2 mubeta1 mubeta2 mubeta3 mubeta4 
    0.5     0.5     1.0     2.0     3.0     4.0 
alpha1 alpha2    mu1  beta1    mu2  beta2  sigma 
 0.499  0.501  1.019  2.010  3.000  4.006  0.998 
[1] "DGP, nob, nrep"
[1]   4 400 100
 alpha1  alpha2 mubeta1 mubeta2 mubeta3 mubeta4 
    0.2     0.8     1.0     0.0     1.0     2.0 
alpha1 alpha2    mu1  beta1    mu2  beta2  sigma 
 0.546  0.454  0.892  1.113  1.154  0.908  0.999 
[1] "DGP, nob, nrep"
[1]   5 400 100
 alpha1  alpha2 mubeta1 mubeta2 mubeta3 mubeta4 
    0.4     0.6     1.0     0.0     1.0     2.0 
alpha1 alpha2    mu1  beta1    mu2  beta2  sigma 
 0.509  0.491  0.928  1.116  1.109  0.907  0.994 
[1] "DGP, nob, nrep"
[1]   6 400 100
 alpha1  alpha2 mubeta1 mubeta2 mubeta3 mubeta4 
    0.5     0.5     1.0     0.0     1.0     2.0 
alpha1 alpha2    mu1  beta1    mu2  beta2  sigma 
 0.494  0.506  0.935  1.016  1.097  1.004  0.994 
[1] "DGP, nob, nrep"
[1]   7 400 100
 alpha1  alpha2 mubeta1 mubeta2 mubeta3 mubeta4 
    0.2     0.8     1.0     2.0     3.0    -1.0 
alpha1 alpha2    mu1  beta1    mu2  beta2  sigma 
 0.199  0.801  1.011  2.000  2.996 -0.997  1.000 
[1] "DGP, nob, nrep"
[1]   8 400 100
 alpha1  alpha2 mubeta1 mubeta2 mubeta3 mubeta4 
    0.4     0.6     1.0     2.0     3.0    -1.0 
alpha1 alpha2    mu1  beta1    mu2  beta2  sigma 
 0.404  0.596  1.000  2.001  2.997 -0.998  1.000 
[1] "DGP, nob, nrep"
[1]   9 400 100
 alpha1  alpha2 mubeta1 mubeta2 mubeta3 mubeta4 
    0.5     0.5     1.0     2.0     3.0    -1.0 
alpha1 alpha2    mu1  beta1    mu2  beta2  sigma 
 0.504  0.496  1.008  2.006  2.988 -1.003  1.001 
[1] "DGP, nob, nrep"
[1]  10 400 100
 alpha1  alpha2 mubeta1 mubeta2 mubeta3 mubeta4 
    0.2     0.8    -1.0     2.0     1.0     2.0 
alpha1 alpha2    mu1  beta1    mu2  beta2  sigma 
 0.216  0.784 -0.962  2.021  1.036  2.008  0.987 
[1] "DGP, nob, nrep"
[1]  11 400 100
 alpha1  alpha2 mubeta1 mubeta2 mubeta3 mubeta4 
    0.4     0.6    -1.0     2.0     1.0     2.0 
alpha1 alpha2    mu1  beta1    mu2  beta2  sigma 
 0.406  0.594 -0.982  2.017  1.020  2.013  0.995 
[1] "DGP, nob, nrep"
[1]  12 400 100
 alpha1  alpha2 mubeta1 mubeta2 mubeta3 mubeta4 
    0.5     0.5    -1.0     2.0     1.0     2.0 
alpha1 alpha2    mu1  beta1    mu2  beta2  sigma 
 0.503  0.497 -0.979  2.007  1.002  2.018  1.003 
