[1] "DGP, nob, nrep"
[1]   1 100 100
   user  system elapsed 
  0.045   0.021   7.978 
[1] "DGP, nob, nrep"
[1]   1 200 100
   user  system elapsed 
  0.020   0.015  14.980 
[1] "DGP, nob, nrep"
[1]   1 100 100
   user  system elapsed 
  0.015   0.010   9.285 
[1] "DGP, nob, nrep"
[1]   1 100 100
   user  system elapsed 
  0.023   0.014  10.119 
[1] "DGP, nob, nrep"
[1]   1 100 100
   user  system elapsed 
  5.042   0.078   9.552 
[1] "DGP, nob, nrep"
[1]   1 100 100
   user  system elapsed 
  0.020   0.013   9.612 
[1] "DGP, nob, nrep"
[1]   1 100 100
   user  system elapsed 
  0.021   0.011   8.382 
[1] "DGP, nob, nrep"
[1]   1 100 100
   user  system elapsed 
  0.015   0.008   7.911 
[1] "DGP, nob, nrep"
[1]   1 100 100
   user  system elapsed 
  0.018   0.009   8.277 
[1] "DGP, nob, nrep"
[1]   1 100 100
   user  system elapsed 
  5.336   0.112   8.242 
[1] "DGP, nob, nrep"
[1]   1 100 100
   user  system elapsed 
  4.219   0.094   7.538 
[1] "DGP, nob, nrep"
[1]   1 100 100
   user  system elapsed 
  5.259   0.099   8.174 
[1] "DGP, nob, nrep"
[1]   1 100 100
   user  system elapsed 
  4.698   0.077   7.795 
[1] "DGP, nob, nrep"
[1]   1 100 100
   user  system elapsed 
  4.758   0.081   8.021 
[1] "DGP, nob, nrep"
[1]   1 100 100
   user  system elapsed 
  5.195   0.068   8.352 
[1] "DGP, nob, nrep"
[1]   1 100 100
   user  system elapsed 
  0.019   0.009   7.891 
[1] "DGP, nob, nrep"
[1]   1 100 100
   user  system elapsed 
  5.363   0.094   8.274 
[1] "DGP, nob, nrep"
[1]   1 100 100
   user  system elapsed 
  4.882   0.098   7.715 
[1] "DGP, nob, nrep"
[1]   1 100   1
   user  system elapsed 
  0.002   0.000   0.139 
[1] "DGP, nob, nrep"
[1]   1 100   1
   user  system elapsed 
  0.002   0.001   0.149 
[1] "DGP, nob, nrep"
[1]   1 100 100
   user  system elapsed 
  0.020   0.008   6.365 
[1] "DGP, nob, nrep"
[1]   1 100 100
   user  system elapsed 
  4.767   0.073   6.673 
[1] "DGP, nob, nrep"
[1]   1 100 100
   user  system elapsed 
  0.013   0.008   6.603 
[1] "DGP, nob, nrep"
[1]   1 200 100
   user  system elapsed 
  0.023   0.014  11.961 
[1] "DGP, nob, nrep"
[1]   1 200 100
   user  system elapsed 
  0.023   0.014  11.341 
