[1] "DGP, nob, nrep"
[1]   1 100 100
   user  system elapsed 
  0.052   0.024   6.909 
[1] "DGP, nob, nrep"
[1]   1 100 100
   user  system elapsed 
  0.017   0.008   6.455 
[1] "DGP, nob, nrep"
[1]   1 100 100
   user  system elapsed 
  0.017   0.012  10.097 
[1] "DGP, nob, nrep"
[1]   1 100 100
   user  system elapsed 
  0.022   0.011   3.218 
[1] "DGP, nob, nrep"
[1]   1 100  10
   user  system elapsed 
  0.980   0.995 560.814 
[1] "rejfreq5, rejfreq1"
 [1]   0   0   0   0   0 100   0   0   0   0   0   0   0   0   0   0   0   0   0   0
          [,1]      [,2]       [,3]      [,4]      [,5]       [,6]      [,7]      [,8]      [,9]
[1,] 0.8844221 0.1708543 0.05527638 0.5477387 0.7638191 0.03517588 0.4924623 0.2361809 0.6934673
         [,10]
[1,] 0.7889447
          [,1]      [,2]       [,3]      [,4]      [,5]       [,6]      [,7]      [,8]      [,9]
[1,] 0.8844221 0.1708543 0.05527638 0.5477387 0.7638191 0.03517588 0.4924623 0.2361809 0.6934673
         [,10]
[1,] 0.7889447
